Build started 3/16/2014 5:37:43 PM.
     1>Project "C:\Users\sh2df\Dropbox\Courses-2014-Spring\2D,3D\Shanshan He_Project_2\starter_code\src\meshview.vcxproj" on node 2 (Build target(s)).
     1>ClCompile:
         c:\Program Files (x86)\Microsoft Visual Studio 10.0\VC\bin\CL.exe /c /Iglut /ZI /nologo /W3 /WX- /Od /Oy- /D WIN32 /D _DEBUG /D _CONSOLE /D _USE_MATH_DEFINES /D _UNICODE /D UNICODE /Gm /EHsc /RTC1 /MDd /GS /fp:precise /Zc:wchar_t /Zc:forScope /Fo"Debug\\" /Fd"Debug\vc100.pdb" /Gd /TP /wd4996 /wd4267 /analyze- /errorReport:prompt meshview.cpp
         meshview.cpp
       ManifestResourceCompile:
         C:\Program Files (x86)\Microsoft SDKs\Windows\v7.0A\bin\rc.exe /nologo /fo"Debug\meshview.exe.embed.manifest.res" Debug\meshview_manifest.rc 
       Link:
         c:\Program Files (x86)\Microsoft Visual Studio 10.0\VC\bin\link.exe /ERRORREPORT:PROMPT /OUT:"C:\Users\sh2df\Dropbox\Courses-2014-Spring\2D,3D\Shanshan He_Project_2\starter_code\src\\meshview.exe" /INCREMENTAL /NOLOGO jpeg/libjpeg.lib glut/glut32.lib kernel32.lib user32.lib gdi32.lib winspool.lib comdlg32.lib advapi32.lib shell32.lib ole32.lib oleaut32.lib uuid.lib odbc32.lib odbccp32.lib /NODEFAULTLIB:libcmtd /MANIFEST /ManifestFile:"Debug\meshview.exe.intermediate.manifest" /MANIFESTUAC:"level='asInvoker' uiAccess='false'" /DEBUG /PDB:"C:\Users\sh2df\Dropbox\Courses-2014-Spring\2D,3D\Shanshan He_Project_2\starter_code\src\meshview.pdb" /SUBSYSTEM:CONSOLE /TLBID:1 /DYNAMICBASE:NO /IMPLIB:"C:\Users\sh2df\Dropbox\Courses-2014-Spring\2D,3D\Shanshan He_Project_2\starter_code\src\\meshview.lib" /MACHINE:X86 Debug\meshview.exe.embed.manifest.res
         Debug\R2Distance.obj
         Debug\R2Image.obj
         Debug\R2Line.obj
         Debug\R2Pixel.obj
         Debug\R2Point.obj
         Debug\R2Segment.obj
         Debug\R2Vector.obj
         Debug\jcapimin.obj
         Debug\jcapistd.obj
         Debug\jccoefct.obj
         Debug\jccolor.obj
         Debug\jcdctmgr.obj
         Debug\jchuff.obj
         Debug\jcinit.obj
         Debug\jcmainct.obj
         Debug\jcmarker.obj
         Debug\jcmaster.obj
         Debug\jcomapi.obj
         Debug\jcparam.obj
         Debug\jcphuff.obj
         Debug\jcprepct.obj
         Debug\jcsample.obj
         Debug\jctrans.obj
         Debug\jdapimin.obj
         Debug\jdapistd.obj
         Debug\jdatadst.obj
         Debug\jdatasrc.obj
         Debug\jdcoefct.obj
         Debug\jdcolor.obj
         Debug\jddctmgr.obj
         Debug\jdhuff.obj
         Debug\jdinput.obj
         Debug\jdmainct.obj
         Debug\jdmarker.obj
         Debug\jdmaster.obj
         Debug\jdmerge.obj
         Debug\jdphuff.obj
         Debug\jdpostct.obj
         Debug\jdsample.obj
         Debug\jdtrans.obj
         Debug\jerror.obj
         Debug\jfdctflt.obj
         Debug\jfdctfst.obj
         Debug\jfdctint.obj
         Debug\jidctflt.obj
         Debug\jidctfst.obj
         Debug\jidctint.obj
         Debug\jidctred.obj
         Debug\jmemmgr.obj
         Debug\jmemnobs.obj
         Debug\jquant1.obj
         Debug\jquant2.obj
         Debug\jutils.obj
         Debug\R3Box.obj
         Debug\R3Distance.obj
         Debug\R3Line.obj
         Debug\R3Matrix.obj
         Debug\R3Plane.obj
         Debug\R3Point.obj
         Debug\R3Ray.obj
         Debug\R3Segment.obj
         Debug\R3Vector.obj
         Debug\meshview.obj
         Debug\R3Mesh.obj
       Manifest:
         C:\Program Files (x86)\Microsoft SDKs\Windows\v7.0A\bin\mt.exe /nologo /verbose /out:"Debug\meshview.exe.embed.manifest" /manifest Debug\meshview.exe.intermediate.manifest
         C:\Program Files (x86)\Microsoft SDKs\Windows\v7.0A\bin\rc.exe /nologo /fo"Debug\meshview.exe.embed.manifest.res" Debug\meshview_manifest.rc 
       LinkEmbedManifest:
         c:\Program Files (x86)\Microsoft Visual Studio 10.0\VC\bin\link.exe /ERRORREPORT:PROMPT /OUT:"C:\Users\sh2df\Dropbox\Courses-2014-Spring\2D,3D\Shanshan He_Project_2\starter_code\src\\meshview.exe" /INCREMENTAL /NOLOGO jpeg/libjpeg.lib glut/glut32.lib kernel32.lib user32.lib gdi32.lib winspool.lib comdlg32.lib advapi32.lib shell32.lib ole32.lib oleaut32.lib uuid.lib odbc32.lib odbccp32.lib /NODEFAULTLIB:libcmtd /MANIFEST /ManifestFile:"Debug\meshview.exe.intermediate.manifest" /MANIFESTUAC:"level='asInvoker' uiAccess='false'" /DEBUG /PDB:"C:\Users\sh2df\Dropbox\Courses-2014-Spring\2D,3D\Shanshan He_Project_2\starter_code\src\meshview.pdb" /SUBSYSTEM:CONSOLE /TLBID:1 /DYNAMICBASE:NO /IMPLIB:"C:\Users\sh2df\Dropbox\Courses-2014-Spring\2D,3D\Shanshan He_Project_2\starter_code\src\\meshview.lib" /MACHINE:X86 Debug\meshview.exe.embed.manifest.res
         Debug\R2Distance.obj
         Debug\R2Image.obj
         Debug\R2Line.obj
         Debug\R2Pixel.obj
         Debug\R2Point.obj
         Debug\R2Segment.obj
         Debug\R2Vector.obj
         Debug\jcapimin.obj
         Debug\jcapistd.obj
         Debug\jccoefct.obj
         Debug\jccolor.obj
         Debug\jcdctmgr.obj
         Debug\jchuff.obj
         Debug\jcinit.obj
         Debug\jcmainct.obj
         Debug\jcmarker.obj
         Debug\jcmaster.obj
         Debug\jcomapi.obj
         Debug\jcparam.obj
         Debug\jcphuff.obj
         Debug\jcprepct.obj
         Debug\jcsample.obj
         Debug\jctrans.obj
         Debug\jdapimin.obj
         Debug\jdapistd.obj
         Debug\jdatadst.obj
         Debug\jdatasrc.obj
         Debug\jdcoefct.obj
         Debug\jdcolor.obj
         Debug\jddctmgr.obj
         Debug\jdhuff.obj
         Debug\jdinput.obj
         Debug\jdmainct.obj
         Debug\jdmarker.obj
         Debug\jdmaster.obj
         Debug\jdmerge.obj
         Debug\jdphuff.obj
         Debug\jdpostct.obj
         Debug\jdsample.obj
         Debug\jdtrans.obj
         Debug\jerror.obj
         Debug\jfdctflt.obj
         Debug\jfdctfst.obj
         Debug\jfdctint.obj
         Debug\jidctflt.obj
         Debug\jidctfst.obj
         Debug\jidctint.obj
         Debug\jidctred.obj
         Debug\jmemmgr.obj
         Debug\jmemnobs.obj
         Debug\jquant1.obj
         Debug\jquant2.obj
         Debug\jutils.obj
         Debug\R3Box.obj
         Debug\R3Distance.obj
         Debug\R3Line.obj
         Debug\R3Matrix.obj
         Debug\R3Plane.obj
         Debug\R3Point.obj
         Debug\R3Ray.obj
         Debug\R3Segment.obj
         Debug\R3Vector.obj
         Debug\meshview.obj
         Debug\R3Mesh.obj
         meshview.vcxproj -> C:\Users\sh2df\Dropbox\Courses-2014-Spring\2D,3D\Shanshan He_Project_2\starter_code\src\\meshview.exe
     1>Done Building Project "C:\Users\sh2df\Dropbox\Courses-2014-Spring\2D,3D\Shanshan He_Project_2\starter_code\src\meshview.vcxproj" (Build target(s)).

Build succeeded.

Time Elapsed 00:00:01.39
