C:\USERS\SH2DF\DROPBOX\COURSES-2014-SPRING\2D,3D\SHANSHAN HE_PROJECT_2\STARTER_CODE\SRC\DEBUG\MESHPRO.OBJ
C:\USERS\SH2DF\DROPBOX\COURSES-2014-SPRING\2D,3D\SHANSHAN HE_PROJECT_2\STARTER_CODE\SRC\DEBUG\R3MESH.OBJ
C:\USERS\SH2DF\DROPBOX\COURSES-2014-SPRING\2D,3D\SHANSHAN HE_PROJECT_2\STARTER_CODE\SRC\DEBUG\R2DISTANCE.OBJ
C:\USERS\SH2DF\DROPBOX\COURSES-2014-SPRING\2D,3D\SHANSHAN HE_PROJECT_2\STARTER_CODE\SRC\DEBUG\R2IMAGE.OBJ
C:\USERS\SH2DF\DROPBOX\COURSES-2014-SPRING\2D,3D\SHANSHAN HE_PROJECT_2\STARTER_CODE\SRC\DEBUG\R2LINE.OBJ
C:\USERS\SH2DF\DROPBOX\COURSES-2014-SPRING\2D,3D\SHANSHAN HE_PROJECT_2\STARTER_CODE\SRC\DEBUG\R2PIXEL.OBJ
C:\USERS\SH2DF\DROPBOX\COURSES-2014-SPRING\2D,3D\SHANSHAN HE_PROJECT_2\STARTER_CODE\SRC\DEBUG\R2POINT.OBJ
C:\USERS\SH2DF\DROPBOX\COURSES-2014-SPRING\2D,3D\SHANSHAN HE_PROJECT_2\STARTER_CODE\SRC\DEBUG\R2SEGMENT.OBJ
C:\USERS\SH2DF\DROPBOX\COURSES-2014-SPRING\2D,3D\SHANSHAN HE_PROJECT_2\STARTER_CODE\SRC\DEBUG\R2VECTOR.OBJ
C:\USERS\SH2DF\DROPBOX\COURSES-2014-SPRING\2D,3D\SHANSHAN HE_PROJECT_2\STARTER_CODE\SRC\DEBUG\R3BOX.OBJ
C:\USERS\SH2DF\DROPBOX\COURSES-2014-SPRING\2D,3D\SHANSHAN HE_PROJECT_2\STARTER_CODE\SRC\DEBUG\R3DISTANCE.OBJ
C:\USERS\SH2DF\DROPBOX\COURSES-2014-SPRING\2D,3D\SHANSHAN HE_PROJECT_2\STARTER_CODE\SRC\DEBUG\R3LINE.OBJ
C:\USERS\SH2DF\DROPBOX\COURSES-2014-SPRING\2D,3D\SHANSHAN HE_PROJECT_2\STARTER_CODE\SRC\DEBUG\R3MATRIX.OBJ
C:\USERS\SH2DF\DROPBOX\COURSES-2014-SPRING\2D,3D\SHANSHAN HE_PROJECT_2\STARTER_CODE\SRC\DEBUG\R3PLANE.OBJ
C:\USERS\SH2DF\DROPBOX\COURSES-2014-SPRING\2D,3D\SHANSHAN HE_PROJECT_2\STARTER_CODE\SRC\DEBUG\R3POINT.OBJ
C:\USERS\SH2DF\DROPBOX\COURSES-2014-SPRING\2D,3D\SHANSHAN HE_PROJECT_2\STARTER_CODE\SRC\DEBUG\R3RAY.OBJ
C:\USERS\SH2DF\DROPBOX\COURSES-2014-SPRING\2D,3D\SHANSHAN HE_PROJECT_2\STARTER_CODE\SRC\DEBUG\R3SEGMENT.OBJ
C:\USERS\SH2DF\DROPBOX\COURSES-2014-SPRING\2D,3D\SHANSHAN HE_PROJECT_2\STARTER_CODE\SRC\DEBUG\R3VECTOR.OBJ
C:\USERS\SH2DF\DROPBOX\COURSES-2014-SPRING\2D,3D\SHANSHAN HE_PROJECT_2\STARTER_CODE\SRC\DEBUG\VC100.PDB
C:\USERS\SH2DF\DROPBOX\COURSES-2014-SPRING\2D,3D\SHANSHAN HE_PROJECT_2\STARTER_CODE\SRC\DEBUG\JDMARKER.OBJ
C:\USERS\SH2DF\DROPBOX\COURSES-2014-SPRING\2D,3D\SHANSHAN HE_PROJECT_2\STARTER_CODE\SRC\DEBUG\JDMASTER.OBJ
C:\USERS\SH2DF\DROPBOX\COURSES-2014-SPRING\2D,3D\SHANSHAN HE_PROJECT_2\STARTER_CODE\SRC\DEBUG\JDMERGE.OBJ
C:\USERS\SH2DF\DROPBOX\COURSES-2014-SPRING\2D,3D\SHANSHAN HE_PROJECT_2\STARTER_CODE\SRC\DEBUG\JDPHUFF.OBJ
C:\USERS\SH2DF\DROPBOX\COURSES-2014-SPRING\2D,3D\SHANSHAN HE_PROJECT_2\STARTER_CODE\SRC\DEBUG\JDPOSTCT.OBJ
C:\USERS\SH2DF\DROPBOX\COURSES-2014-SPRING\2D,3D\SHANSHAN HE_PROJECT_2\STARTER_CODE\SRC\DEBUG\JDSAMPLE.OBJ
C:\USERS\SH2DF\DROPBOX\COURSES-2014-SPRING\2D,3D\SHANSHAN HE_PROJECT_2\STARTER_CODE\SRC\DEBUG\JDTRANS.OBJ
C:\USERS\SH2DF\DROPBOX\COURSES-2014-SPRING\2D,3D\SHANSHAN HE_PROJECT_2\STARTER_CODE\SRC\DEBUG\JERROR.OBJ
C:\USERS\SH2DF\DROPBOX\COURSES-2014-SPRING\2D,3D\SHANSHAN HE_PROJECT_2\STARTER_CODE\SRC\DEBUG\JFDCTFLT.OBJ
C:\USERS\SH2DF\DROPBOX\COURSES-2014-SPRING\2D,3D\SHANSHAN HE_PROJECT_2\STARTER_CODE\SRC\DEBUG\JFDCTFST.OBJ
C:\USERS\SH2DF\DROPBOX\COURSES-2014-SPRING\2D,3D\SHANSHAN HE_PROJECT_2\STARTER_CODE\SRC\DEBUG\JFDCTINT.OBJ
C:\USERS\SH2DF\DROPBOX\COURSES-2014-SPRING\2D,3D\SHANSHAN HE_PROJECT_2\STARTER_CODE\SRC\DEBUG\JIDCTFLT.OBJ
C:\USERS\SH2DF\DROPBOX\COURSES-2014-SPRING\2D,3D\SHANSHAN HE_PROJECT_2\STARTER_CODE\SRC\DEBUG\JIDCTFST.OBJ
C:\USERS\SH2DF\DROPBOX\COURSES-2014-SPRING\2D,3D\SHANSHAN HE_PROJECT_2\STARTER_CODE\SRC\DEBUG\JIDCTINT.OBJ
C:\USERS\SH2DF\DROPBOX\COURSES-2014-SPRING\2D,3D\SHANSHAN HE_PROJECT_2\STARTER_CODE\SRC\DEBUG\JIDCTRED.OBJ
C:\USERS\SH2DF\DROPBOX\COURSES-2014-SPRING\2D,3D\SHANSHAN HE_PROJECT_2\STARTER_CODE\SRC\DEBUG\JMEMMGR.OBJ
C:\USERS\SH2DF\DROPBOX\COURSES-2014-SPRING\2D,3D\SHANSHAN HE_PROJECT_2\STARTER_CODE\SRC\DEBUG\JMEMNOBS.OBJ
C:\USERS\SH2DF\DROPBOX\COURSES-2014-SPRING\2D,3D\SHANSHAN HE_PROJECT_2\STARTER_CODE\SRC\DEBUG\JQUANT1.OBJ
C:\USERS\SH2DF\DROPBOX\COURSES-2014-SPRING\2D,3D\SHANSHAN HE_PROJECT_2\STARTER_CODE\SRC\DEBUG\JQUANT2.OBJ
C:\USERS\SH2DF\DROPBOX\COURSES-2014-SPRING\2D,3D\SHANSHAN HE_PROJECT_2\STARTER_CODE\SRC\DEBUG\JUTILS.OBJ
C:\USERS\SH2DF\DROPBOX\COURSES-2014-SPRING\2D,3D\SHANSHAN HE_PROJECT_2\STARTER_CODE\SRC\DEBUG\JCINIT.OBJ
C:\USERS\SH2DF\DROPBOX\COURSES-2014-SPRING\2D,3D\SHANSHAN HE_PROJECT_2\STARTER_CODE\SRC\DEBUG\JCMAINCT.OBJ
C:\USERS\SH2DF\DROPBOX\COURSES-2014-SPRING\2D,3D\SHANSHAN HE_PROJECT_2\STARTER_CODE\SRC\DEBUG\JCMARKER.OBJ
C:\USERS\SH2DF\DROPBOX\COURSES-2014-SPRING\2D,3D\SHANSHAN HE_PROJECT_2\STARTER_CODE\SRC\DEBUG\JCMASTER.OBJ
C:\USERS\SH2DF\DROPBOX\COURSES-2014-SPRING\2D,3D\SHANSHAN HE_PROJECT_2\STARTER_CODE\SRC\DEBUG\JCOMAPI.OBJ
C:\USERS\SH2DF\DROPBOX\COURSES-2014-SPRING\2D,3D\SHANSHAN HE_PROJECT_2\STARTER_CODE\SRC\DEBUG\JCPARAM.OBJ
C:\USERS\SH2DF\DROPBOX\COURSES-2014-SPRING\2D,3D\SHANSHAN HE_PROJECT_2\STARTER_CODE\SRC\DEBUG\JCPHUFF.OBJ
C:\USERS\SH2DF\DROPBOX\COURSES-2014-SPRING\2D,3D\SHANSHAN HE_PROJECT_2\STARTER_CODE\SRC\DEBUG\JCPREPCT.OBJ
C:\USERS\SH2DF\DROPBOX\COURSES-2014-SPRING\2D,3D\SHANSHAN HE_PROJECT_2\STARTER_CODE\SRC\DEBUG\JCSAMPLE.OBJ
C:\USERS\SH2DF\DROPBOX\COURSES-2014-SPRING\2D,3D\SHANSHAN HE_PROJECT_2\STARTER_CODE\SRC\DEBUG\JCTRANS.OBJ
C:\USERS\SH2DF\DROPBOX\COURSES-2014-SPRING\2D,3D\SHANSHAN HE_PROJECT_2\STARTER_CODE\SRC\DEBUG\JDAPIMIN.OBJ
C:\USERS\SH2DF\DROPBOX\COURSES-2014-SPRING\2D,3D\SHANSHAN HE_PROJECT_2\STARTER_CODE\SRC\DEBUG\JDAPISTD.OBJ
C:\USERS\SH2DF\DROPBOX\COURSES-2014-SPRING\2D,3D\SHANSHAN HE_PROJECT_2\STARTER_CODE\SRC\DEBUG\JDATADST.OBJ
C:\USERS\SH2DF\DROPBOX\COURSES-2014-SPRING\2D,3D\SHANSHAN HE_PROJECT_2\STARTER_CODE\SRC\DEBUG\JDATASRC.OBJ
C:\USERS\SH2DF\DROPBOX\COURSES-2014-SPRING\2D,3D\SHANSHAN HE_PROJECT_2\STARTER_CODE\SRC\DEBUG\JDCOEFCT.OBJ
C:\USERS\SH2DF\DROPBOX\COURSES-2014-SPRING\2D,3D\SHANSHAN HE_PROJECT_2\STARTER_CODE\SRC\DEBUG\JDCOLOR.OBJ
C:\USERS\SH2DF\DROPBOX\COURSES-2014-SPRING\2D,3D\SHANSHAN HE_PROJECT_2\STARTER_CODE\SRC\DEBUG\JDDCTMGR.OBJ
C:\USERS\SH2DF\DROPBOX\COURSES-2014-SPRING\2D,3D\SHANSHAN HE_PROJECT_2\STARTER_CODE\SRC\DEBUG\JDHUFF.OBJ
C:\USERS\SH2DF\DROPBOX\COURSES-2014-SPRING\2D,3D\SHANSHAN HE_PROJECT_2\STARTER_CODE\SRC\DEBUG\JDINPUT.OBJ
C:\USERS\SH2DF\DROPBOX\COURSES-2014-SPRING\2D,3D\SHANSHAN HE_PROJECT_2\STARTER_CODE\SRC\DEBUG\JDMAINCT.OBJ
C:\USERS\SH2DF\DROPBOX\COURSES-2014-SPRING\2D,3D\SHANSHAN HE_PROJECT_2\STARTER_CODE\SRC\DEBUG\JCAPIMIN.OBJ
C:\USERS\SH2DF\DROPBOX\COURSES-2014-SPRING\2D,3D\SHANSHAN HE_PROJECT_2\STARTER_CODE\SRC\DEBUG\JCAPISTD.OBJ
C:\USERS\SH2DF\DROPBOX\COURSES-2014-SPRING\2D,3D\SHANSHAN HE_PROJECT_2\STARTER_CODE\SRC\DEBUG\JCCOEFCT.OBJ
C:\USERS\SH2DF\DROPBOX\COURSES-2014-SPRING\2D,3D\SHANSHAN HE_PROJECT_2\STARTER_CODE\SRC\DEBUG\JCCOLOR.OBJ
C:\USERS\SH2DF\DROPBOX\COURSES-2014-SPRING\2D,3D\SHANSHAN HE_PROJECT_2\STARTER_CODE\SRC\DEBUG\JCDCTMGR.OBJ
C:\USERS\SH2DF\DROPBOX\COURSES-2014-SPRING\2D,3D\SHANSHAN HE_PROJECT_2\STARTER_CODE\SRC\DEBUG\JCHUFF.OBJ
C:\USERS\SH2DF\DROPBOX\COURSES-2014-SPRING\2D,3D\SHANSHAN HE_PROJECT_2\STARTER_CODE\SRC\DEBUG\MESHVIEW.OBJ
C:\USERS\SH2DF\DROPBOX\COURSES-2014-SPRING\2D,3D\SHANSHAN HE_PROJECT_2\STARTER_CODE\SRC\MESHPRO.ILK
C:\USERS\SH2DF\DROPBOX\COURSES-2014-SPRING\2D,3D\SHANSHAN HE_PROJECT_2\STARTER_CODE\SRC\MESHPRO.EXE
C:\USERS\SH2DF\DROPBOX\COURSES-2014-SPRING\2D,3D\SHANSHAN HE_PROJECT_2\STARTER_CODE\SRC\DEBUG\MESHPRO.EXE.INTERMEDIATE.MANIFEST
C:\USERS\SH2DF\DROPBOX\COURSES-2014-SPRING\2D,3D\SHANSHAN HE_PROJECT_2\STARTER_CODE\SRC\MESHPRO.PDB
C:\USERS\SH2DF\DROPBOX\COURSES-2014-SPRING\2D,3D\SHANSHAN HE_PROJECT_2\STARTER_CODE\SRC\MESHVIEW.ILK
C:\USERS\SH2DF\DROPBOX\COURSES-2014-SPRING\2D,3D\SHANSHAN HE_PROJECT_2\STARTER_CODE\SRC\MESHVIEW.EXE
C:\USERS\SH2DF\DROPBOX\COURSES-2014-SPRING\2D,3D\SHANSHAN HE_PROJECT_2\STARTER_CODE\SRC\DEBUG\MESHVIEW.EXE.INTERMEDIATE.MANIFEST
C:\USERS\SH2DF\DROPBOX\COURSES-2014-SPRING\2D,3D\SHANSHAN HE_PROJECT_2\STARTER_CODE\SRC\MESHVIEW.PDB
C:\USERS\SH2DF\DROPBOX\COURSES-2014-SPRING\2D,3D\SHANSHAN HE_PROJECT_2\STARTER_CODE\SRC\DEBUG\MESHPRO.EXE.EMBED.MANIFEST
C:\USERS\SH2DF\DROPBOX\COURSES-2014-SPRING\2D,3D\SHANSHAN HE_PROJECT_2\STARTER_CODE\SRC\DEBUG\MESHVIEW.EXE.EMBED.MANIFEST
C:\USERS\SH2DF\DROPBOX\COURSES-2014-SPRING\2D,3D\SHANSHAN HE_PROJECT_2\STARTER_CODE\SRC\DEBUG\MESHPRO.EXE.EMBED.MANIFEST.RES
C:\USERS\SH2DF\DROPBOX\COURSES-2014-SPRING\2D,3D\SHANSHAN HE_PROJECT_2\STARTER_CODE\SRC\DEBUG\MESHVIEW.EXE.EMBED.MANIFEST.RES
C:\Users\sh2df\Dropbox\Courses-2014-Spring\2D,3D\Shanshan He_Project_2\starter_code\src\Debug\jcapimin.obj
C:\Users\sh2df\Dropbox\Courses-2014-Spring\2D,3D\Shanshan He_Project_2\starter_code\src\Debug\jcapistd.obj
C:\Users\sh2df\Dropbox\Courses-2014-Spring\2D,3D\Shanshan He_Project_2\starter_code\src\Debug\jccoefct.obj
C:\Users\sh2df\Dropbox\Courses-2014-Spring\2D,3D\Shanshan He_Project_2\starter_code\src\Debug\jccolor.obj
C:\Users\sh2df\Dropbox\Courses-2014-Spring\2D,3D\Shanshan He_Project_2\starter_code\src\Debug\jcdctmgr.obj
C:\Users\sh2df\Dropbox\Courses-2014-Spring\2D,3D\Shanshan He_Project_2\starter_code\src\Debug\jchuff.obj
C:\Users\sh2df\Dropbox\Courses-2014-Spring\2D,3D\Shanshan He_Project_2\starter_code\src\Debug\jcinit.obj
C:\Users\sh2df\Dropbox\Courses-2014-Spring\2D,3D\Shanshan He_Project_2\starter_code\src\Debug\jcmainct.obj
C:\Users\sh2df\Dropbox\Courses-2014-Spring\2D,3D\Shanshan He_Project_2\starter_code\src\Debug\jcmarker.obj
C:\Users\sh2df\Dropbox\Courses-2014-Spring\2D,3D\Shanshan He_Project_2\starter_code\src\Debug\jcmaster.obj
C:\Users\sh2df\Dropbox\Courses-2014-Spring\2D,3D\Shanshan He_Project_2\starter_code\src\Debug\jcomapi.obj
C:\Users\sh2df\Dropbox\Courses-2014-Spring\2D,3D\Shanshan He_Project_2\starter_code\src\Debug\jcparam.obj
C:\Users\sh2df\Dropbox\Courses-2014-Spring\2D,3D\Shanshan He_Project_2\starter_code\src\Debug\jcphuff.obj
C:\Users\sh2df\Dropbox\Courses-2014-Spring\2D,3D\Shanshan He_Project_2\starter_code\src\Debug\jcprepct.obj
C:\Users\sh2df\Dropbox\Courses-2014-Spring\2D,3D\Shanshan He_Project_2\starter_code\src\Debug\jcsample.obj
C:\Users\sh2df\Dropbox\Courses-2014-Spring\2D,3D\Shanshan He_Project_2\starter_code\src\Debug\jctrans.obj
C:\Users\sh2df\Dropbox\Courses-2014-Spring\2D,3D\Shanshan He_Project_2\starter_code\src\Debug\jdapimin.obj
C:\Users\sh2df\Dropbox\Courses-2014-Spring\2D,3D\Shanshan He_Project_2\starter_code\src\Debug\jdapistd.obj
C:\Users\sh2df\Dropbox\Courses-2014-Spring\2D,3D\Shanshan He_Project_2\starter_code\src\Debug\jdatadst.obj
C:\Users\sh2df\Dropbox\Courses-2014-Spring\2D,3D\Shanshan He_Project_2\starter_code\src\Debug\jdatasrc.obj
C:\Users\sh2df\Dropbox\Courses-2014-Spring\2D,3D\Shanshan He_Project_2\starter_code\src\Debug\jdcoefct.obj
C:\Users\sh2df\Dropbox\Courses-2014-Spring\2D,3D\Shanshan He_Project_2\starter_code\src\Debug\jdcolor.obj
C:\Users\sh2df\Dropbox\Courses-2014-Spring\2D,3D\Shanshan He_Project_2\starter_code\src\Debug\jddctmgr.obj
C:\Users\sh2df\Dropbox\Courses-2014-Spring\2D,3D\Shanshan He_Project_2\starter_code\src\Debug\jdhuff.obj
C:\Users\sh2df\Dropbox\Courses-2014-Spring\2D,3D\Shanshan He_Project_2\starter_code\src\Debug\jdinput.obj
C:\Users\sh2df\Dropbox\Courses-2014-Spring\2D,3D\Shanshan He_Project_2\starter_code\src\Debug\jdmainct.obj
C:\Users\sh2df\Dropbox\Courses-2014-Spring\2D,3D\Shanshan He_Project_2\starter_code\src\Debug\jdmarker.obj
C:\Users\sh2df\Dropbox\Courses-2014-Spring\2D,3D\Shanshan He_Project_2\starter_code\src\Debug\jdmaster.obj
C:\Users\sh2df\Dropbox\Courses-2014-Spring\2D,3D\Shanshan He_Project_2\starter_code\src\Debug\jdmerge.obj
C:\Users\sh2df\Dropbox\Courses-2014-Spring\2D,3D\Shanshan He_Project_2\starter_code\src\Debug\jdphuff.obj
C:\Users\sh2df\Dropbox\Courses-2014-Spring\2D,3D\Shanshan He_Project_2\starter_code\src\Debug\jdpostct.obj
C:\Users\sh2df\Dropbox\Courses-2014-Spring\2D,3D\Shanshan He_Project_2\starter_code\src\Debug\jdsample.obj
C:\Users\sh2df\Dropbox\Courses-2014-Spring\2D,3D\Shanshan He_Project_2\starter_code\src\Debug\jdtrans.obj
C:\Users\sh2df\Dropbox\Courses-2014-Spring\2D,3D\Shanshan He_Project_2\starter_code\src\Debug\jerror.obj
C:\Users\sh2df\Dropbox\Courses-2014-Spring\2D,3D\Shanshan He_Project_2\starter_code\src\Debug\jfdctflt.obj
C:\Users\sh2df\Dropbox\Courses-2014-Spring\2D,3D\Shanshan He_Project_2\starter_code\src\Debug\jfdctfst.obj
C:\Users\sh2df\Dropbox\Courses-2014-Spring\2D,3D\Shanshan He_Project_2\starter_code\src\Debug\jfdctint.obj
C:\Users\sh2df\Dropbox\Courses-2014-Spring\2D,3D\Shanshan He_Project_2\starter_code\src\Debug\jidctflt.obj
C:\Users\sh2df\Dropbox\Courses-2014-Spring\2D,3D\Shanshan He_Project_2\starter_code\src\Debug\jidctfst.obj
C:\Users\sh2df\Dropbox\Courses-2014-Spring\2D,3D\Shanshan He_Project_2\starter_code\src\Debug\jidctint.obj
C:\Users\sh2df\Dropbox\Courses-2014-Spring\2D,3D\Shanshan He_Project_2\starter_code\src\Debug\jidctred.obj
C:\Users\sh2df\Dropbox\Courses-2014-Spring\2D,3D\Shanshan He_Project_2\starter_code\src\Debug\jmemmgr.obj
C:\Users\sh2df\Dropbox\Courses-2014-Spring\2D,3D\Shanshan He_Project_2\starter_code\src\Debug\jmemnobs.obj
C:\Users\sh2df\Dropbox\Courses-2014-Spring\2D,3D\Shanshan He_Project_2\starter_code\src\Debug\jquant1.obj
C:\Users\sh2df\Dropbox\Courses-2014-Spring\2D,3D\Shanshan He_Project_2\starter_code\src\Debug\jquant2.obj
C:\Users\sh2df\Dropbox\Courses-2014-Spring\2D,3D\Shanshan He_Project_2\starter_code\src\Debug\jutils.obj
C:\Users\sh2df\Dropbox\Courses-2014-Spring\2D,3D\Shanshan He_Project_2\starter_code\src\Debug\meshpro.obj
C:\Users\sh2df\Dropbox\Courses-2014-Spring\2D,3D\Shanshan He_Project_2\starter_code\src\Debug\meshview.obj
C:\Users\sh2df\Dropbox\Courses-2014-Spring\2D,3D\Shanshan He_Project_2\starter_code\src\Debug\R2Distance.obj
C:\Users\sh2df\Dropbox\Courses-2014-Spring\2D,3D\Shanshan He_Project_2\starter_code\src\Debug\R2Image.obj
C:\Users\sh2df\Dropbox\Courses-2014-Spring\2D,3D\Shanshan He_Project_2\starter_code\src\Debug\R2Line.obj
C:\Users\sh2df\Dropbox\Courses-2014-Spring\2D,3D\Shanshan He_Project_2\starter_code\src\Debug\R2Pixel.obj
C:\Users\sh2df\Dropbox\Courses-2014-Spring\2D,3D\Shanshan He_Project_2\starter_code\src\Debug\R2Point.obj
C:\Users\sh2df\Dropbox\Courses-2014-Spring\2D,3D\Shanshan He_Project_2\starter_code\src\Debug\R2Segment.obj
C:\Users\sh2df\Dropbox\Courses-2014-Spring\2D,3D\Shanshan He_Project_2\starter_code\src\Debug\R2Vector.obj
C:\Users\sh2df\Dropbox\Courses-2014-Spring\2D,3D\Shanshan He_Project_2\starter_code\src\Debug\R3Box.obj
C:\Users\sh2df\Dropbox\Courses-2014-Spring\2D,3D\Shanshan He_Project_2\starter_code\src\Debug\R3Distance.obj
C:\Users\sh2df\Dropbox\Courses-2014-Spring\2D,3D\Shanshan He_Project_2\starter_code\src\Debug\R3Line.obj
C:\Users\sh2df\Dropbox\Courses-2014-Spring\2D,3D\Shanshan He_Project_2\starter_code\src\Debug\R3Matrix.obj
C:\Users\sh2df\Dropbox\Courses-2014-Spring\2D,3D\Shanshan He_Project_2\starter_code\src\Debug\R3Mesh.obj
C:\Users\sh2df\Dropbox\Courses-2014-Spring\2D,3D\Shanshan He_Project_2\starter_code\src\Debug\R3Plane.obj
C:\Users\sh2df\Dropbox\Courses-2014-Spring\2D,3D\Shanshan He_Project_2\starter_code\src\Debug\R3Point.obj
C:\Users\sh2df\Dropbox\Courses-2014-Spring\2D,3D\Shanshan He_Project_2\starter_code\src\Debug\R3Ray.obj
C:\Users\sh2df\Dropbox\Courses-2014-Spring\2D,3D\Shanshan He_Project_2\starter_code\src\Debug\R3Segment.obj
C:\Users\sh2df\Dropbox\Courses-2014-Spring\2D,3D\Shanshan He_Project_2\starter_code\src\Debug\R3Vector.obj
C:\Users\sh2df\Dropbox\Courses-2014-Spring\2D,3D\Shanshan He_Project_2\starter_code\src\Debug\cl.command.1.tlog
C:\Users\sh2df\Dropbox\Courses-2014-Spring\2D,3D\Shanshan He_Project_2\starter_code\src\Debug\CL.read.1.tlog
C:\Users\sh2df\Dropbox\Courses-2014-Spring\2D,3D\Shanshan He_Project_2\starter_code\src\Debug\CL.write.1.tlog
C:\Users\sh2df\Dropbox\Courses-2014-Spring\2D,3D\Shanshan He_Project_2\starter_code\src\Debug\link-cvtres.read.1.tlog
C:\Users\sh2df\Dropbox\Courses-2014-Spring\2D,3D\Shanshan He_Project_2\starter_code\src\Debug\link-cvtres.write.1.tlog
C:\Users\sh2df\Dropbox\Courses-2014-Spring\2D,3D\Shanshan He_Project_2\starter_code\src\Debug\link.10584-cvtres.read.1.tlog
C:\Users\sh2df\Dropbox\Courses-2014-Spring\2D,3D\Shanshan He_Project_2\starter_code\src\Debug\link.10584-cvtres.write.1.tlog
C:\Users\sh2df\Dropbox\Courses-2014-Spring\2D,3D\Shanshan He_Project_2\starter_code\src\Debug\link.10584.read.1.tlog
C:\Users\sh2df\Dropbox\Courses-2014-Spring\2D,3D\Shanshan He_Project_2\starter_code\src\Debug\link.10584.write.1.tlog
C:\Users\sh2df\Dropbox\Courses-2014-Spring\2D,3D\Shanshan He_Project_2\starter_code\src\Debug\link.15608-cvtres.read.1.tlog
C:\Users\sh2df\Dropbox\Courses-2014-Spring\2D,3D\Shanshan He_Project_2\starter_code\src\Debug\link.15608-cvtres.write.1.tlog
C:\Users\sh2df\Dropbox\Courses-2014-Spring\2D,3D\Shanshan He_Project_2\starter_code\src\Debug\link.15608.read.1.tlog
C:\Users\sh2df\Dropbox\Courses-2014-Spring\2D,3D\Shanshan He_Project_2\starter_code\src\Debug\link.15608.write.1.tlog
C:\Users\sh2df\Dropbox\Courses-2014-Spring\2D,3D\Shanshan He_Project_2\starter_code\src\Debug\link.command.1.tlog
C:\Users\sh2df\Dropbox\Courses-2014-Spring\2D,3D\Shanshan He_Project_2\starter_code\src\Debug\link.read.1.tlog
C:\Users\sh2df\Dropbox\Courses-2014-Spring\2D,3D\Shanshan He_Project_2\starter_code\src\Debug\link.write.1.tlog
C:\Users\sh2df\Dropbox\Courses-2014-Spring\2D,3D\Shanshan He_Project_2\starter_code\src\Debug\mt.command.1.tlog
C:\Users\sh2df\Dropbox\Courses-2014-Spring\2D,3D\Shanshan He_Project_2\starter_code\src\Debug\mt.read.1.tlog
C:\Users\sh2df\Dropbox\Courses-2014-Spring\2D,3D\Shanshan He_Project_2\starter_code\src\Debug\mt.write.1.tlog
C:\Users\sh2df\Dropbox\Courses-2014-Spring\2D,3D\Shanshan He_Project_2\starter_code\src\Debug\rc.command.1.tlog
C:\Users\sh2df\Dropbox\Courses-2014-Spring\2D,3D\Shanshan He_Project_2\starter_code\src\Debug\rc.read.1.tlog
C:\Users\sh2df\Dropbox\Courses-2014-Spring\2D,3D\Shanshan He_Project_2\starter_code\src\Debug\rc.write.1.tlog
C:\Users\sh2df\Dropbox\Courses-2014-Spring\2D,3D\Shanshan He_Project_2\starter_code\src\Debug\meshpro.exe.embed.manifest
C:\Users\sh2df\Dropbox\Courses-2014-Spring\2D,3D\Shanshan He_Project_2\starter_code\src\Debug\meshpro.exe.intermediate.manifest
C:\Users\sh2df\Dropbox\Courses-2014-Spring\2D,3D\Shanshan He_Project_2\starter_code\src\Debug\meshview.exe.embed.manifest
C:\Users\sh2df\Dropbox\Courses-2014-Spring\2D,3D\Shanshan He_Project_2\starter_code\src\Debug\meshview.exe.intermediate.manifest
C:\Users\sh2df\Dropbox\Courses-2014-Spring\2D,3D\Shanshan He_Project_2\starter_code\src\Debug\meshpro.exe.embed.manifest.res
C:\Users\sh2df\Dropbox\Courses-2014-Spring\2D,3D\Shanshan He_Project_2\starter_code\src\Debug\meshview.exe.embed.manifest.res
C:\Users\sh2df\Dropbox\Courses-2014-Spring\2D,3D\Shanshan He_Project_2\starter_code\src\Debug\vc100.idb
C:\Users\sh2df\Dropbox\Courses-2014-Spring\2D,3D\Shanshan He_Project_2\starter_code\src\Debug\vc100.pdb
C:\Users\sh2df\Dropbox\Courses-2014-Spring\2D,3D\Shanshan He_Project_2\starter_code\src\Debug\meshpro_manifest.rc
C:\Users\sh2df\Dropbox\Courses-2014-Spring\2D,3D\Shanshan He_Project_2\starter_code\src\Debug\meshview_manifest.rc
C:\Users\sh2df\Dropbox\Courses-2014-Spring\2D,3D\Shanshan He_Project_2\starter_code\src\\meshpro.pdb
C:\Users\sh2df\Dropbox\Courses-2014-Spring\2D,3D\Shanshan He_Project_2\starter_code\src\\meshpro.exe
C:\Users\sh2df\Dropbox\Courses-2014-Spring\2D,3D\Shanshan He_Project_2\starter_code\src\\meshpro.ilk
