Build started 3/17/2014 12:17:05 PM.
     1>Project "C:\Users\sh2df\Dropbox\Courses-2014-Spring\2D,3D\Shanshan He_Project_2\starter_code\src\meshpro.vcxproj" on node 2 (Rebuild target(s)).
     1>ClCompile:
         c:\Program Files (x86)\Microsoft Visual Studio 10.0\VC\bin\CL.exe /c /Iglut /ZI /nologo /W3 /WX- /Od /Oy- /D WIN32 /D _DEBUG /D _CONSOLE /D _USE_MATH_DEFINES /D _UNICODE /D UNICODE /Gm /EHsc /RTC1 /MDd /GS /fp:precise /Zc:wchar_t /Zc:forScope /Fo"Debug\\" /Fd"Debug\vc100.pdb" /Gd /TP /wd4996 /wd4267 /analyze- /errorReport:prompt meshpro.cpp R3Mesh.cpp R2\R2Distance.cpp R2\R2Image.cpp R2\R2Line.cpp R2\R2Pixel.cpp R2\R2Point.cpp R2\R2Segment.cpp R2\R2Vector.cpp R3\R3Box.cpp R3\R3Distance.cpp R3\R3Line.cpp R3\R3Matrix.cpp R3\R3Plane.cpp R3\R3Point.cpp R3\R3Ray.cpp R3\R3Segment.cpp R3\R3Vector.cpp
         R3Vector.cpp
         R3Segment.cpp
         R3Ray.cpp
         R3Point.cpp
         R3Plane.cpp
         R3Matrix.cpp
         R3Line.cpp
         R3Distance.cpp
         R3Box.cpp
         R2Vector.cpp
         R2Segment.cpp
         R2Point.cpp
         R2Pixel.cpp
         R2Line.cpp
         R2Image.cpp
         R2Distance.cpp
         R3Mesh.cpp
     1>c:\users\sh2df\dropbox\courses-2014-spring\2d,3d\shanshan he_project_2\starter_code\src\r3mesh.cpp(257): warning C4018: '<' : signed/unsigned mismatch
         meshpro.cpp
     1>c:\users\sh2df\dropbox\courses-2014-spring\2d,3d\shanshan he_project_2\starter_code\src\meshpro.cpp(92): warning C4244: 'argument' : conversion from 'double' to 'int', possible loss of data
         Generating Code...
         c:\Program Files (x86)\Microsoft Visual Studio 10.0\VC\bin\CL.exe /c /Iglut /ZI /nologo /W3 /WX- /Od /Oy- /D WIN32 /D _DEBUG /D _CONSOLE /D _USE_MATH_DEFINES /D _UNICODE /D UNICODE /Gm /EHsc /RTC1 /MDd /GS /fp:precise /Zc:wchar_t /Zc:forScope /Fo"Debug\\" /Fd"Debug\vc100.pdb" /Gd /TC /wd4996 /wd4267 /analyze- /errorReport:prompt jpeg\jcapimin.c jpeg\jcapistd.c jpeg\jccoefct.c jpeg\jccolor.c jpeg\jcdctmgr.c jpeg\jchuff.c jpeg\jcinit.c jpeg\jcmainct.c jpeg\jcmarker.c jpeg\jcmaster.c jpeg\jcomapi.c jpeg\jcparam.c jpeg\jcphuff.c jpeg\jcprepct.c jpeg\jcsample.c jpeg\jctrans.c jpeg\jdapimin.c jpeg\jdapistd.c jpeg\jdatadst.c jpeg\jdatasrc.c jpeg\jdcoefct.c jpeg\jdcolor.c jpeg\jddctmgr.c jpeg\jdhuff.c jpeg\jdinput.c jpeg\jdmainct.c jpeg\jdmarker.c jpeg\jdmaster.c jpeg\jdmerge.c jpeg\jdphuff.c jpeg\jdpostct.c jpeg\jdsample.c jpeg\jdtrans.c jpeg\jerror.c jpeg\jfdctflt.c jpeg\jfdctfst.c jpeg\jfdctint.c jpeg\jidctflt.c jpeg\jidctfst.c jpeg\jidctint.c jpeg\jidctred.c jpeg\jmemmgr.c jpeg\jmemnobs.c jpeg\jquant1.c jpeg\jquant2.c jpeg\jutils.c
         jutils.c
         jquant2.c
         jquant1.c
         jmemnobs.c
         jmemmgr.c
         jidctred.c
         jidctint.c
         jidctfst.c
         jidctflt.c
         jfdctint.c
         jfdctfst.c
         jfdctflt.c
         jerror.c
         jdtrans.c
         jdsample.c
         jdpostct.c
         jdphuff.c
         jdmerge.c
         jdmaster.c
         jdmarker.c
         Generating Code...
         Compiling...
         jdmainct.c
         jdinput.c
         jdhuff.c
         jddctmgr.c
         jdcolor.c
         jdcoefct.c
         jdatasrc.c
         jdatadst.c
         jdapistd.c
         jdapimin.c
         jctrans.c
         jcsample.c
         jcprepct.c
         jcphuff.c
         jcparam.c
         jcomapi.c
         jcmaster.c
         jcmarker.c
         jcmainct.c
         jcinit.c
         Generating Code...
         Compiling...
         jchuff.c
         jcdctmgr.c
         jccolor.c
         jccoefct.c
         jcapistd.c
         jcapimin.c
         Generating Code...
       ManifestResourceCompile:
         C:\Program Files (x86)\Microsoft SDKs\Windows\v7.0A\bin\rc.exe /nologo /fo"Debug\meshpro.exe.embed.manifest.res" Debug\meshpro_manifest.rc 
       Link:
         c:\Program Files (x86)\Microsoft Visual Studio 10.0\VC\bin\link.exe /ERRORREPORT:PROMPT /OUT:"C:\Users\sh2df\Dropbox\Courses-2014-Spring\2D,3D\Shanshan He_Project_2\starter_code\src\\meshpro.exe" /INCREMENTAL /NOLOGO kernel32.lib user32.lib gdi32.lib winspool.lib comdlg32.lib advapi32.lib shell32.lib ole32.lib oleaut32.lib uuid.lib odbc32.lib odbccp32.lib /NODEFAULTLIB:libcmtd /MANIFEST /ManifestFile:"Debug\meshpro.exe.intermediate.manifest" /MANIFESTUAC:"level='asInvoker' uiAccess='false'" /DEBUG /PDB:"C:\Users\sh2df\Dropbox\Courses-2014-Spring\2D,3D\Shanshan He_Project_2\starter_code\src\meshpro.pdb" /SUBSYSTEM:CONSOLE /TLBID:1 /DYNAMICBASE /NXCOMPAT /IMPLIB:"C:\Users\sh2df\Dropbox\Courses-2014-Spring\2D,3D\Shanshan He_Project_2\starter_code\src\\meshpro.lib" /MACHINE:X86 Debug\meshpro.exe.embed.manifest.res
         Debug\meshpro.obj
         Debug\R3Mesh.obj
         Debug\R2Distance.obj
         Debug\R2Image.obj
         Debug\R2Line.obj
         Debug\R2Pixel.obj
         Debug\R2Point.obj
         Debug\R2Segment.obj
         Debug\R2Vector.obj
         Debug\jcapimin.obj
         Debug\jcapistd.obj
         Debug\jccoefct.obj
         Debug\jccolor.obj
         Debug\jcdctmgr.obj
         Debug\jchuff.obj
         Debug\jcinit.obj
         Debug\jcmainct.obj
         Debug\jcmarker.obj
         Debug\jcmaster.obj
         Debug\jcomapi.obj
         Debug\jcparam.obj
         Debug\jcphuff.obj
         Debug\jcprepct.obj
         Debug\jcsample.obj
         Debug\jctrans.obj
         Debug\jdapimin.obj
         Debug\jdapistd.obj
         Debug\jdatadst.obj
         Debug\jdatasrc.obj
         Debug\jdcoefct.obj
         Debug\jdcolor.obj
         Debug\jddctmgr.obj
         Debug\jdhuff.obj
         Debug\jdinput.obj
         Debug\jdmainct.obj
         Debug\jdmarker.obj
         Debug\jdmaster.obj
         Debug\jdmerge.obj
         Debug\jdphuff.obj
         Debug\jdpostct.obj
         Debug\jdsample.obj
         Debug\jdtrans.obj
         Debug\jerror.obj
         Debug\jfdctflt.obj
         Debug\jfdctfst.obj
         Debug\jfdctint.obj
         Debug\jidctflt.obj
         Debug\jidctfst.obj
         Debug\jidctint.obj
         Debug\jidctred.obj
         Debug\jmemmgr.obj
         Debug\jmemnobs.obj
         Debug\jquant1.obj
         Debug\jquant2.obj
         Debug\jutils.obj
         Debug\R3Box.obj
         Debug\R3Distance.obj
         Debug\R3Line.obj
         Debug\R3Matrix.obj
         Debug\R3Plane.obj
         Debug\R3Point.obj
         Debug\R3Ray.obj
         Debug\R3Segment.obj
         Debug\R3Vector.obj
       Manifest:
         C:\Program Files (x86)\Microsoft SDKs\Windows\v7.0A\bin\mt.exe /nologo /verbose /out:"Debug\meshpro.exe.embed.manifest" /manifest Debug\meshpro.exe.intermediate.manifest
         C:\Program Files (x86)\Microsoft SDKs\Windows\v7.0A\bin\rc.exe /nologo /fo"Debug\meshpro.exe.embed.manifest.res" Debug\meshpro_manifest.rc 
       LinkEmbedManifest:
         c:\Program Files (x86)\Microsoft Visual Studio 10.0\VC\bin\link.exe /ERRORREPORT:PROMPT /OUT:"C:\Users\sh2df\Dropbox\Courses-2014-Spring\2D,3D\Shanshan He_Project_2\starter_code\src\\meshpro.exe" /INCREMENTAL /NOLOGO kernel32.lib user32.lib gdi32.lib winspool.lib comdlg32.lib advapi32.lib shell32.lib ole32.lib oleaut32.lib uuid.lib odbc32.lib odbccp32.lib /NODEFAULTLIB:libcmtd /MANIFEST /ManifestFile:"Debug\meshpro.exe.intermediate.manifest" /MANIFESTUAC:"level='asInvoker' uiAccess='false'" /DEBUG /PDB:"C:\Users\sh2df\Dropbox\Courses-2014-Spring\2D,3D\Shanshan He_Project_2\starter_code\src\meshpro.pdb" /SUBSYSTEM:CONSOLE /TLBID:1 /DYNAMICBASE /NXCOMPAT /IMPLIB:"C:\Users\sh2df\Dropbox\Courses-2014-Spring\2D,3D\Shanshan He_Project_2\starter_code\src\\meshpro.lib" /MACHINE:X86 Debug\meshpro.exe.embed.manifest.res
         Debug\meshpro.obj
         Debug\R3Mesh.obj
         Debug\R2Distance.obj
         Debug\R2Image.obj
         Debug\R2Line.obj
         Debug\R2Pixel.obj
         Debug\R2Point.obj
         Debug\R2Segment.obj
         Debug\R2Vector.obj
         Debug\jcapimin.obj
         Debug\jcapistd.obj
         Debug\jccoefct.obj
         Debug\jccolor.obj
         Debug\jcdctmgr.obj
         Debug\jchuff.obj
         Debug\jcinit.obj
         Debug\jcmainct.obj
         Debug\jcmarker.obj
         Debug\jcmaster.obj
         Debug\jcomapi.obj
         Debug\jcparam.obj
         Debug\jcphuff.obj
         Debug\jcprepct.obj
         Debug\jcsample.obj
         Debug\jctrans.obj
         Debug\jdapimin.obj
         Debug\jdapistd.obj
         Debug\jdatadst.obj
         Debug\jdatasrc.obj
         Debug\jdcoefct.obj
         Debug\jdcolor.obj
         Debug\jddctmgr.obj
         Debug\jdhuff.obj
         Debug\jdinput.obj
         Debug\jdmainct.obj
         Debug\jdmarker.obj
         Debug\jdmaster.obj
         Debug\jdmerge.obj
         Debug\jdphuff.obj
         Debug\jdpostct.obj
         Debug\jdsample.obj
         Debug\jdtrans.obj
         Debug\jerror.obj
         Debug\jfdctflt.obj
         Debug\jfdctfst.obj
         Debug\jfdctint.obj
         Debug\jidctflt.obj
         Debug\jidctfst.obj
         Debug\jidctint.obj
         Debug\jidctred.obj
         Debug\jmemmgr.obj
         Debug\jmemnobs.obj
         Debug\jquant1.obj
         Debug\jquant2.obj
         Debug\jutils.obj
         Debug\R3Box.obj
         Debug\R3Distance.obj
         Debug\R3Line.obj
         Debug\R3Matrix.obj
         Debug\R3Plane.obj
         Debug\R3Point.obj
         Debug\R3Ray.obj
         Debug\R3Segment.obj
         Debug\R3Vector.obj
         meshpro.vcxproj -> C:\Users\sh2df\Dropbox\Courses-2014-Spring\2D,3D\Shanshan He_Project_2\starter_code\src\\meshpro.exe
     1>Done Building Project "C:\Users\sh2df\Dropbox\Courses-2014-Spring\2D,3D\Shanshan He_Project_2\starter_code\src\meshpro.vcxproj" (Rebuild target(s)).

Build succeeded.

Time Elapsed 00:00:13.23
